0 info it worked if it ends with ok
1 verbose cli [ '/usr/bin/node',
1 verbose cli   '/usr/bin/npm',
1 verbose cli   'i',
1 verbose cli   '--save',
1 verbose cli   'child-process-promise' ]
2 info using npm@1.4.28
3 info using node@v0.10.33
4 warn package.json virtual-vulcano@0.0.0 No description
5 warn package.json virtual-vulcano@0.0.0 No README data
6 verbose readDependencies using package.json deps
7 verbose cache add [ 'child-process-promise', null ]
8 verbose cache add name=undefined spec="child-process-promise" args=["child-process-promise",null]
9 verbose parsed url { protocol: null,
9 verbose parsed url   slashes: null,
9 verbose parsed url   auth: null,
9 verbose parsed url   host: null,
9 verbose parsed url   port: null,
9 verbose parsed url   hostname: null,
9 verbose parsed url   hash: null,
9 verbose parsed url   search: null,
9 verbose parsed url   query: null,
9 verbose parsed url   pathname: 'child-process-promise',
9 verbose parsed url   path: 'child-process-promise',
9 verbose parsed url   href: 'child-process-promise' }
10 silly lockFile ab91f8e8-child-process-promise child-process-promise
11 verbose lock child-process-promise /home/alberto/.npm/ab91f8e8-child-process-promise.lock
12 silly lockFile ab91f8e8-child-process-promise child-process-promise
13 silly lockFile ab91f8e8-child-process-promise child-process-promise
14 verbose addNamed [ 'child-process-promise', '' ]
15 verbose addNamed [ null, '*' ]
16 silly lockFile cf589eee-child-process-promise child-process-promise@
17 verbose lock child-process-promise@ /home/alberto/.npm/cf589eee-child-process-promise.lock
18 silly addNameRange { name: 'child-process-promise', range: '*', hasData: false }
19 verbose request where is /child-process-promise
20 verbose request registry https://registry.npmjs.org/
21 verbose request id 00f46fa56329ec63
22 verbose url raw /child-process-promise
23 verbose url resolving [ 'https://registry.npmjs.org/', './child-process-promise' ]
24 verbose url resolved https://registry.npmjs.org/child-process-promise
25 verbose request where is https://registry.npmjs.org/child-process-promise
26 info trying registry request attempt 1 at 20:23:41
27 http GET https://registry.npmjs.org/child-process-promise
28 http 200 https://registry.npmjs.org/child-process-promise
29 silly registry.get cb [ 200,
29 silly registry.get   { date: 'Thu, 11 Dec 2014 19:23:42 GMT',
29 silly registry.get     server: 'CouchDB/1.5.0 (Erlang OTP/R16B03)',
29 silly registry.get     etag: '"2W8N59Y5WD1JVDKGN9MXAZ004"',
29 silly registry.get     'content-type': 'application/json',
29 silly registry.get     'cache-control': 'max-age=60',
29 silly registry.get     'content-length': '9289',
29 silly registry.get     'accept-ranges': 'bytes',
29 silly registry.get     via: '1.1 varnish',
29 silly registry.get     age: '0',
29 silly registry.get     'x-served-by': 'cache-lcy1133-LCY',
29 silly registry.get     'x-cache': 'MISS',
29 silly registry.get     'x-cache-hits': '0',
29 silly registry.get     'x-timer': 'S1418325821.558899,VS0,VE644',
29 silly registry.get     vary: 'Accept',
29 silly registry.get     'keep-alive': 'timeout=10, max=50',
29 silly registry.get     connection: 'Keep-Alive' } ]
30 silly addNameRange number 2 { name: 'child-process-promise', range: '*', hasData: true }
31 silly addNameRange versions [ 'child-process-promise',
31 silly addNameRange   [ '0.1.0',
31 silly addNameRange     '0.1.1',
31 silly addNameRange     '0.2.0-SNAPSHOT.1384371455574',
31 silly addNameRange     '0.1.3',
31 silly addNameRange     '0.2.0-SNAPSHOT.1389671754086',
31 silly addNameRange     '1.0.0' ] ]
32 verbose addNamed [ 'child-process-promise', '1.0.0' ]
33 verbose addNamed [ '1.0.0', '1.0.0' ]
34 silly lockFile 1af35ea7-child-process-promise-1-0-0 child-process-promise@1.0.0
35 verbose lock child-process-promise@1.0.0 /home/alberto/.npm/1af35ea7-child-process-promise-1-0-0.lock
36 silly lockFile 51b9e496--child-process-promise-1-0-0-tgz https://registry.npmjs.org/child-process-promise/-/child-process-promise-1.0.0.tgz
37 verbose lock https://registry.npmjs.org/child-process-promise/-/child-process-promise-1.0.0.tgz /home/alberto/.npm/51b9e496--child-process-promise-1-0-0-tgz.lock
38 verbose addRemoteTarball [ 'https://registry.npmjs.org/child-process-promise/-/child-process-promise-1.0.0.tgz',
38 verbose addRemoteTarball   'e564b06bc70ed7a1691567d78734f03bba0afc04' ]
39 info retry fetch attempt 1 at 20:23:42
40 verbose fetch to= /tmp/npm-5984-ab_KVyL6/registry.npmjs.org/child-process-promise/-/child-process-promise-1.0.0.tgz
41 http GET https://registry.npmjs.org/child-process-promise/-/child-process-promise-1.0.0.tgz
42 http 200 https://registry.npmjs.org/child-process-promise/-/child-process-promise-1.0.0.tgz
43 silly lockFile 51b9e496--child-process-promise-1-0-0-tgz https://registry.npmjs.org/child-process-promise/-/child-process-promise-1.0.0.tgz
44 silly lockFile 51b9e496--child-process-promise-1-0-0-tgz https://registry.npmjs.org/child-process-promise/-/child-process-promise-1.0.0.tgz
45 silly lockFile 1af35ea7-child-process-promise-1-0-0 child-process-promise@1.0.0
46 silly lockFile 1af35ea7-child-process-promise-1-0-0 child-process-promise@1.0.0
47 silly lockFile cf589eee-child-process-promise child-process-promise@
48 silly lockFile cf589eee-child-process-promise child-process-promise@
49 silly resolved [ { name: 'child-process-promise',
49 silly resolved     version: '1.0.0',
49 silly resolved     description: 'Simple wrapper around the "child_process" module that makes use of promises',
49 silly resolved     main: 'lib/index.js',
49 silly resolved     scripts: { test: 'node test/test.js' },
49 silly resolved     repository:
49 silly resolved      { type: 'git',
49 silly resolved        url: 'https://github.com/patrick-steele-idem/child-process-promise.git' },
49 silly resolved     keywords: [ 'child', 'process', 'promises' ],
49 silly resolved     author: { name: 'Patrick Steele-Idem', email: 'pnidem@gmail.com' },
49 silly resolved     license: 'BSD',
49 silly resolved     bugs: { url: 'https://github.com/patrick-steele-idem/child-process-promise/issues' },
49 silly resolved     publishConfig: { registry: 'http://registry.npmjs.org/' },
49 silly resolved     dependencies: { q: '~0.9.6' },
49 silly resolved     gitHead: '0786cb8f9d7f46fb201affb4ccd0abb8adbab6cd',
49 silly resolved     homepage: 'https://github.com/patrick-steele-idem/child-process-promise',
49 silly resolved     _id: 'child-process-promise@1.0.0',
49 silly resolved     _shasum: 'e564b06bc70ed7a1691567d78734f03bba0afc04',
49 silly resolved     _from: 'child-process-promise@',
49 silly resolved     _npmVersion: '2.0.2',
49 silly resolved     _nodeVersion: '0.10.32',
49 silly resolved     _npmUser: { name: 'pnidem', email: 'pnidem@gmail.com' },
49 silly resolved     maintainers: [ [Object], [Object] ],
49 silly resolved     dist:
49 silly resolved      { shasum: 'e564b06bc70ed7a1691567d78734f03bba0afc04',
49 silly resolved        tarball: 'http://registry.npmjs.org/child-process-promise/-/child-process-promise-1.0.0.tgz' },
49 silly resolved     directories: {},
49 silly resolved     _resolved: 'https://registry.npmjs.org/child-process-promise/-/child-process-promise-1.0.0.tgz' } ]
50 info install child-process-promise@1.0.0 into /home/alberto/projects/virtual-vulcano/web
51 info installOne child-process-promise@1.0.0
52 verbose node_modules/child-process-promise unbuild
53 verbose tar unpack /home/alberto/.npm/child-process-promise/1.0.0/package.tgz
54 silly lockFile 9683d19d-de-modules-child-process-promise tar:///home/alberto/projects/virtual-vulcano/web/node_modules/child-process-promise
55 verbose lock tar:///home/alberto/projects/virtual-vulcano/web/node_modules/child-process-promise /home/alberto/.npm/9683d19d-de-modules-child-process-promise.lock
56 silly lockFile 8d93b21e-rocess-promise-1-0-0-package-tgz tar:///home/alberto/.npm/child-process-promise/1.0.0/package.tgz
57 verbose lock tar:///home/alberto/.npm/child-process-promise/1.0.0/package.tgz /home/alberto/.npm/8d93b21e-rocess-promise-1-0-0-package-tgz.lock
58 silly gunzTarPerm modes [ '775', '664' ]
59 silly gunzTarPerm extractEntry package.json
60 silly gunzTarPerm modified mode [ 'package.json', 420, 436 ]
61 silly gunzTarPerm extractEntry .npmignore
62 silly gunzTarPerm modified mode [ '.npmignore', 420, 436 ]
63 silly gunzTarPerm extractEntry README.md
64 silly gunzTarPerm modified mode [ 'README.md', 420, 436 ]
65 silly gunzTarPerm extractEntry lib/index.js
66 silly gunzTarPerm modified mode [ 'lib/index.js', 420, 436 ]
67 silly lockFile 9683d19d-de-modules-child-process-promise tar:///home/alberto/projects/virtual-vulcano/web/node_modules/child-process-promise
68 silly lockFile 9683d19d-de-modules-child-process-promise tar:///home/alberto/projects/virtual-vulcano/web/node_modules/child-process-promise
69 silly lockFile 8d93b21e-rocess-promise-1-0-0-package-tgz tar:///home/alberto/.npm/child-process-promise/1.0.0/package.tgz
70 silly lockFile 8d93b21e-rocess-promise-1-0-0-package-tgz tar:///home/alberto/.npm/child-process-promise/1.0.0/package.tgz
71 info preinstall child-process-promise@1.0.0
72 verbose readDependencies using package.json deps
73 verbose readDependencies using package.json deps
74 verbose cache add [ 'q@~0.9.6', null ]
75 verbose cache add name=undefined spec="q@~0.9.6" args=["q@~0.9.6",null]
76 verbose parsed url { protocol: null,
76 verbose parsed url   slashes: null,
76 verbose parsed url   auth: null,
76 verbose parsed url   host: null,
76 verbose parsed url   port: null,
76 verbose parsed url   hostname: null,
76 verbose parsed url   hash: null,
76 verbose parsed url   search: null,
76 verbose parsed url   query: null,
76 verbose parsed url   pathname: 'q@~0.9.6',
76 verbose parsed url   path: 'q@~0.9.6',
76 verbose parsed url   href: 'q@~0.9.6' }
77 verbose cache add name="q" spec="~0.9.6" args=["q","~0.9.6"]
78 verbose parsed url { protocol: null,
78 verbose parsed url   slashes: null,
78 verbose parsed url   auth: null,
78 verbose parsed url   host: null,
78 verbose parsed url   port: null,
78 verbose parsed url   hostname: null,
78 verbose parsed url   hash: null,
78 verbose parsed url   search: null,
78 verbose parsed url   query: null,
78 verbose parsed url   pathname: '~0.9.6',
78 verbose parsed url   path: '~0.9.6',
78 verbose parsed url   href: '~0.9.6' }
79 verbose addNamed [ 'q', '~0.9.6' ]
80 verbose addNamed [ null, '>=0.9.6-0 <0.10.0-0' ]
81 silly lockFile f1073e76-q-0-9-6 q@~0.9.6
82 verbose lock q@~0.9.6 /home/alberto/.npm/f1073e76-q-0-9-6.lock
83 silly addNameRange { name: 'q', range: '>=0.9.6-0 <0.10.0-0', hasData: false }
84 verbose request where is /q
85 verbose request registry https://registry.npmjs.org/
86 verbose url raw /q
87 verbose url resolving [ 'https://registry.npmjs.org/', './q' ]
88 verbose url resolved https://registry.npmjs.org/q
89 verbose request where is https://registry.npmjs.org/q
90 info trying registry request attempt 1 at 20:23:42
91 http GET https://registry.npmjs.org/q
92 http 200 https://registry.npmjs.org/q
93 silly registry.get cb [ 200,
93 silly registry.get   { date: 'Thu, 11 Dec 2014 19:23:43 GMT',
93 silly registry.get     server: 'CouchDB/1.5.0 (Erlang OTP/R16B03)',
93 silly registry.get     etag: '"ACB5V0GKZN6IDH9OO8S1Y9T2C"',
93 silly registry.get     'content-type': 'application/json',
93 silly registry.get     'cache-control': 'max-age=60',
93 silly registry.get     'content-length': '131013',
93 silly registry.get     'accept-ranges': 'bytes',
93 silly registry.get     via: '1.1 varnish',
93 silly registry.get     age: '38',
93 silly registry.get     'x-served-by': 'cache-lcy1135-LCY',
93 silly registry.get     'x-cache': 'HIT',
93 silly registry.get     'x-cache-hits': '1',
93 silly registry.get     'x-timer': 'S1418325823.025955,VS0,VE1',
93 silly registry.get     vary: 'Accept',
93 silly registry.get     'keep-alive': 'timeout=10, max=50',
93 silly registry.get     connection: 'Keep-Alive' } ]
94 silly addNameRange number 2 { name: 'q', range: '>=0.9.6-0 <0.10.0-0', hasData: true }
95 silly addNameRange versions [ 'q',
95 silly addNameRange   [ '0.0.0',
95 silly addNameRange     '0.0.1',
95 silly addNameRange     '0.0.2',
95 silly addNameRange     '0.0.3',
95 silly addNameRange     '0.1.0',
95 silly addNameRange     '0.1.1',
95 silly addNameRange     '0.1.2',
95 silly addNameRange     '0.1.3',
95 silly addNameRange     '0.1.4',
95 silly addNameRange     '0.1.5',
95 silly addNameRange     '0.1.6',
95 silly addNameRange     '0.1.7',
95 silly addNameRange     '0.1.8',
95 silly addNameRange     '0.1.9',
95 silly addNameRange     '0.2.0-rc1',
95 silly addNameRange     '0.2.0',
95 silly addNameRange     '0.2.1',
95 silly addNameRange     '0.2.2',
95 silly addNameRange     '0.2.3',
95 silly addNameRange     '0.2.4',
95 silly addNameRange     '0.2.5',
95 silly addNameRange     '0.2.6',
95 silly addNameRange     '0.2.7',
95 silly addNameRange     '0.2.8',
95 silly addNameRange     '0.2.9',
95 silly addNameRange     '0.3.0',
95 silly addNameRange     '0.2.10',
95 silly addNameRange     '0.4.0',
95 silly addNameRange     '0.4.1',
95 silly addNameRange     '0.4.2',
95 silly addNameRange     '0.4.4',
95 silly addNameRange     '0.5.0',
95 silly addNameRange     '0.5.1',
95 silly addNameRange     '0.5.2',
95 silly addNameRange     '0.5.3',
95 silly addNameRange     '0.6.0',
95 silly addNameRange     '0.7.0',
95 silly addNameRange     '0.7.1',
95 silly addNameRange     '0.7.2',
95 silly addNameRange     '0.8.0',
95 silly addNameRange     '0.8.1',
95 silly addNameRange     '0.8.2',
95 silly addNameRange     '0.8.3',
95 silly addNameRange     '0.8.4',
95 silly addNameRange     '0.8.5',
95 silly addNameRange     '0.8.6',
95 silly addNameRange     '0.8.7',
95 silly addNameRange     '0.8.8',
95 silly addNameRange     '0.8.9',
95 silly addNameRange     '0.8.10',
95 silly addNameRange     '0.8.11',
95 silly addNameRange     '0.8.12',
95 silly addNameRange     '0.9.0',
95 silly addNameRange     '0.9.1',
95 silly addNameRange     '0.9.2',
95 silly addNameRange     '0.9.3',
95 silly addNameRange     '0.9.4',
95 silly addNameRange     '0.9.5',
95 silly addNameRange     '0.9.6',
95 silly addNameRange     '0.9.7',
95 silly addNameRange     '1.0.0',
95 silly addNameRange     '1.0.1',
95 silly addNameRange     '2.0.0',
95 silly addNameRange     '2.0.1',
95 silly addNameRange     '2.0.2',
95 silly addNameRange     '1.1.0',
95 silly addNameRange     '1.1.1',
95 silly addNameRange     '1.1.2' ] ]
96 verbose addNamed [ 'q', '0.9.7' ]
97 verbose addNamed [ '0.9.7', '0.9.7' ]
98 silly lockFile cc8e51ee-q-0-9-7 q@0.9.7
99 verbose lock q@0.9.7 /home/alberto/.npm/cc8e51ee-q-0-9-7.lock
100 silly lockFile 11aec268-registry-npmjs-org-q-q-0-9-7-tgz https://registry.npmjs.org/q/-/q-0.9.7.tgz
101 verbose lock https://registry.npmjs.org/q/-/q-0.9.7.tgz /home/alberto/.npm/11aec268-registry-npmjs-org-q-q-0-9-7-tgz.lock
102 verbose addRemoteTarball [ 'https://registry.npmjs.org/q/-/q-0.9.7.tgz',
102 verbose addRemoteTarball   '4de2e6cb3b29088c9e4cbc03bf9d42fb96ce2f75' ]
103 info retry fetch attempt 1 at 20:23:43
104 verbose fetch to= /tmp/npm-5984-ab_KVyL6/registry.npmjs.org/q/-/q-0.9.7.tgz
105 http GET https://registry.npmjs.org/q/-/q-0.9.7.tgz
106 http 200 https://registry.npmjs.org/q/-/q-0.9.7.tgz
107 silly lockFile 11aec268-registry-npmjs-org-q-q-0-9-7-tgz https://registry.npmjs.org/q/-/q-0.9.7.tgz
108 silly lockFile 11aec268-registry-npmjs-org-q-q-0-9-7-tgz https://registry.npmjs.org/q/-/q-0.9.7.tgz
109 silly lockFile cc8e51ee-q-0-9-7 q@0.9.7
110 silly lockFile cc8e51ee-q-0-9-7 q@0.9.7
111 silly lockFile f1073e76-q-0-9-6 q@~0.9.6
112 silly lockFile f1073e76-q-0-9-6 q@~0.9.6
113 silly resolved [ { name: 'q',
113 silly resolved     version: '0.9.7',
113 silly resolved     description: 'A library for promises (CommonJS/Promises/A,B,D)',
113 silly resolved     homepage: 'https://github.com/kriskowal/q',
113 silly resolved     author:
113 silly resolved      { name: 'Kris Kowal',
113 silly resolved        email: 'kris@cixar.com',
113 silly resolved        url: 'https://github.com/kriskowal' },
113 silly resolved     keywords:
113 silly resolved      [ 'q',
113 silly resolved        'promise',
113 silly resolved        'promises',
113 silly resolved        'promises-a',
113 silly resolved        'promises-aplus',
113 silly resolved        'deferred',
113 silly resolved        'future',
113 silly resolved        'async',
113 silly resolved        'flow control',
113 silly resolved        'fluent',
113 silly resolved        'browser',
113 silly resolved        'node' ],
113 silly resolved     contributors: [ [Object], [Object], [Object] ],
113 silly resolved     bugs: { url: 'http://github.com/kriskowal/q/issues' },
113 silly resolved     license:
113 silly resolved      { type: 'MIT',
113 silly resolved        url: 'http://github.com/kriskowal/q/raw/master/LICENSE' },
113 silly resolved     main: 'q.js',
113 silly resolved     repository: { type: 'git', url: 'git://github.com/kriskowal/q.git' },
113 silly resolved     engines: { node: '>=0.6.0', teleport: '>=0.2.0' },
113 silly resolved     dependencies: {},
113 silly resolved     devDependencies:
113 silly resolved      { jshint: '~2.1.9',
113 silly resolved        cover: '*',
113 silly resolved        'jasmine-node': '1.11.0',
113 silly resolved        opener: '*',
113 silly resolved        'promises-aplus-tests': '1.x',
113 silly resolved        grunt: '~0.4.1',
113 silly resolved        'grunt-cli': '~0.1.9',
113 silly resolved        'grunt-contrib-uglify': '~0.2.2',
113 silly resolved        matcha: '~0.2.0' },
113 silly resolved     scripts:
113 silly resolved      { test: 'jasmine-node spec && promises-aplus-tests spec/aplus-adapter',
113 silly resolved        'test-browser': 'opener spec/q-spec.html',
113 silly resolved        benchmark: 'matcha',
113 silly resolved        lint: 'jshint q.js',
113 silly resolved        cover: 'cover run node_modules/jasmine-node/bin/jasmine-node spec && cover report html && opener cover_html/index.html',
113 silly resolved        minify: 'grunt',
113 silly resolved        prepublish: 'grunt' },
113 silly resolved     overlay: { teleport: [Object] },
113 silly resolved     directories: { test: './spec' },
113 silly resolved     _id: 'q@0.9.7',
113 silly resolved     dist:
113 silly resolved      { shasum: '4de2e6cb3b29088c9e4cbc03bf9d42fb96ce2f75',
113 silly resolved        tarball: 'http://registry.npmjs.org/q/-/q-0.9.7.tgz' },
113 silly resolved     _from: 'q@~0.9.6',
113 silly resolved     _npmVersion: '1.3.2',
113 silly resolved     _npmUser: { name: 'kriskowal', email: 'kris.kowal@cixar.com' },
113 silly resolved     maintainers: [ [Object], [Object] ],
113 silly resolved     _shasum: '4de2e6cb3b29088c9e4cbc03bf9d42fb96ce2f75',
113 silly resolved     _resolved: 'https://registry.npmjs.org/q/-/q-0.9.7.tgz' } ]
114 info install q@0.9.7 into /home/alberto/projects/virtual-vulcano/web/node_modules/child-process-promise
115 info installOne q@0.9.7
116 verbose node_modules/child-process-promise/node_modules/q unbuild
117 verbose tar unpack /home/alberto/.npm/q/0.9.7/package.tgz
118 silly lockFile f6b79b88-d-process-promise-node-modules-q tar:///home/alberto/projects/virtual-vulcano/web/node_modules/child-process-promise/node_modules/q
119 verbose lock tar:///home/alberto/projects/virtual-vulcano/web/node_modules/child-process-promise/node_modules/q /home/alberto/.npm/f6b79b88-d-process-promise-node-modules-q.lock
120 silly lockFile 26ec2121--alberto-npm-q-0-9-7-package-tgz tar:///home/alberto/.npm/q/0.9.7/package.tgz
121 verbose lock tar:///home/alberto/.npm/q/0.9.7/package.tgz /home/alberto/.npm/26ec2121--alberto-npm-q-0-9-7-package-tgz.lock
122 silly gunzTarPerm modes [ '775', '664' ]
123 silly gunzTarPerm extractEntry package.json
124 silly gunzTarPerm modified mode [ 'package.json', 420, 436 ]
125 silly gunzTarPerm extractEntry README.md
126 silly gunzTarPerm modified mode [ 'README.md', 420, 436 ]
127 silly gunzTarPerm extractEntry LICENSE
128 silly gunzTarPerm modified mode [ 'LICENSE', 420, 436 ]
129 silly gunzTarPerm extractEntry q.js
130 silly gunzTarPerm modified mode [ 'q.js', 420, 436 ]
131 silly gunzTarPerm extractEntry queue.js
132 silly gunzTarPerm modified mode [ 'queue.js', 420, 436 ]
133 silly gunzTarPerm extractEntry CONTRIBUTING.md
134 silly gunzTarPerm modified mode [ 'CONTRIBUTING.md', 420, 436 ]
135 silly gunzTarPerm extractEntry benchmark/compare-with-callbacks.js
136 silly gunzTarPerm modified mode [ 'benchmark/compare-with-callbacks.js', 420, 436 ]
137 silly gunzTarPerm extractEntry benchmark/scenarios.js
138 silly gunzTarPerm modified mode [ 'benchmark/scenarios.js', 420, 436 ]
139 silly lockFile f6b79b88-d-process-promise-node-modules-q tar:///home/alberto/projects/virtual-vulcano/web/node_modules/child-process-promise/node_modules/q
140 silly lockFile f6b79b88-d-process-promise-node-modules-q tar:///home/alberto/projects/virtual-vulcano/web/node_modules/child-process-promise/node_modules/q
141 silly lockFile 26ec2121--alberto-npm-q-0-9-7-package-tgz tar:///home/alberto/.npm/q/0.9.7/package.tgz
142 silly lockFile 26ec2121--alberto-npm-q-0-9-7-package-tgz tar:///home/alberto/.npm/q/0.9.7/package.tgz
143 info preinstall q@0.9.7
144 verbose readDependencies using package.json deps
145 verbose readDependencies using package.json deps
146 silly resolved []
147 verbose about to build /home/alberto/projects/virtual-vulcano/web/node_modules/child-process-promise/node_modules/q
148 info build /home/alberto/projects/virtual-vulcano/web/node_modules/child-process-promise/node_modules/q
149 verbose linkStuff [ false,
149 verbose linkStuff   false,
149 verbose linkStuff   false,
149 verbose linkStuff   '/home/alberto/projects/virtual-vulcano/web/node_modules/child-process-promise/node_modules' ]
150 info linkStuff q@0.9.7
151 verbose linkBins q@0.9.7
152 verbose linkMans q@0.9.7
153 verbose rebuildBundles q@0.9.7
154 info install q@0.9.7
155 info postinstall q@0.9.7
156 verbose about to build /home/alberto/projects/virtual-vulcano/web/node_modules/child-process-promise
157 info build /home/alberto/projects/virtual-vulcano/web/node_modules/child-process-promise
158 verbose linkStuff [ false,
158 verbose linkStuff   false,
158 verbose linkStuff   false,
158 verbose linkStuff   '/home/alberto/projects/virtual-vulcano/web/node_modules' ]
159 info linkStuff child-process-promise@1.0.0
160 verbose linkBins child-process-promise@1.0.0
161 verbose linkMans child-process-promise@1.0.0
162 verbose rebuildBundles child-process-promise@1.0.0
163 verbose rebuildBundles [ 'q' ]
164 info install child-process-promise@1.0.0
165 info postinstall child-process-promise@1.0.0
166 verbose saving { 'child-process-promise': '^1.0.0' }
167 error Error: EACCES, open '/home/alberto/projects/virtual-vulcano/web/package.json'
167 error  { [Error: EACCES, open '/home/alberto/projects/virtual-vulcano/web/package.json']
167 error   errno: 3,
167 error   code: 'EACCES',
167 error   path: '/home/alberto/projects/virtual-vulcano/web/package.json' }
168 error Please try running this command again as root/Administrator.
169 error System Linux 3.16.4-200.fc20.x86_64
170 error command "/usr/bin/node" "/usr/bin/npm" "i" "--save" "child-process-promise"
171 error cwd /home/alberto/projects/virtual-vulcano/web
172 error node -v v0.10.33
173 error npm -v 1.4.28
174 error path /home/alberto/projects/virtual-vulcano/web/package.json
175 error code EACCES
176 error errno 3
177 error stack Error: EACCES, open '/home/alberto/projects/virtual-vulcano/web/package.json'
178 verbose exit [ 3, true ]
